This file contains any messages produced by compilers while
running configure, to aid debugging if configure makes a mistake.

It was created by openocd configure 0.12.0-rc1, which was
generated by GNU Autoconf 2.69.  Invocation command line was

  $ ./configure --enable-axiBlaster

## --------- ##
## Platform. ##
## --------- ##

hostname = cahill-DELL-precision
uname -m = armv7l
uname -r = 5.15.0-48-generic
uname -s = Linux
uname -v = #54~20.04.1-Ubuntu SMP Thu Sep 1 16:17:26 UTC 2022

/usr/bin/uname -p = unknown
/bin/uname -X     = unknown

/bin/arch              = unknown
/usr/bin/arch -k       = unknown
/usr/convex/getsysinfo = unknown
/usr/bin/hostinfo      = unknown
/bin/machine           = unknown
/usr/bin/oslevel       = unknown
/bin/universe          = unknown

PATH: /usr/local/sbin
PATH: /usr/local/bin
PATH: /usr/sbin
PATH: /usr/bin
PATH: /sbin
PATH: /bin
PATH: /snap/bin


## ----------- ##
## Core tests. ##
## ----------- ##

configure:2636: checking for makeinfo
configure:2666: result: no
configure:2674: WARNING: Info documentation will not be built.
configure:2696: checking for a BSD-compatible install
configure:2764: result: /usr/bin/install -c
configure:2775: checking whether build environment is sane
configure:2830: result: yes
configure:2981: checking for a thread-safe mkdir -p
configure:3020: result: /bin/mkdir -p
configure:3027: checking for gawk
configure:3057: result: no
configure:3027: checking for mawk
configure:3043: found /usr/bin/mawk
configure:3054: result: mawk
configure:3065: checking whether make sets $(MAKE)
configure:3087: result: yes
configure:3116: checking whether make supports nested variables
configure:3133: result: yes
configure:3317: checking for gcc
configure:3333: found /usr/bin/gcc
configure:3344: result: gcc
configure:3573: checking for C compiler version
configure:3582: gcc --version >&5
gcc (Debian 4.9.2-10+deb8u1) 4.9.2
Copyright (C) 2014 Free Software Foundation, Inc.
This is free software; see the source for copying conditions.  There is NO
warranty; not even for MERCHANTABILITY or FITNESS FOR A PARTICULAR PURPOSE.

configure:3593: $? = 0
configure:3582: gcc -v >&5
Using built-in specs.
COLLECT_GCC=/usr/bin/gcc
COLLECT_LTO_WRAPPER=/usr/lib/gcc/arm-linux-gnueabihf/4.9/lto-wrapper
Target: arm-linux-gnueabihf
Configured with: ../src/configure -v --with-pkgversion='Debian 4.9.2-10+deb8u1' --with-bugurl=file:///usr/share/doc/gcc-4.9/README.Bugs --enable-languages=c,c++,java,go,d,fortran,objc,obj-c++ --prefix=/usr --program-suffix=-4.9 --enable-shared --enable-linker-build-id --libexecdir=/usr/lib --without-included-gettext --enable-threads=posix --with-gxx-include-dir=/usr/include/c++/4.9 --libdir=/usr/lib --enable-nls --with-sysroot=/ --enable-clocale=gnu --enable-libstdcxx-debug --enable-libstdcxx-time=yes --enable-gnu-unique-object --disable-libitm --disable-libquadmath --enable-plugin --with-system-zlib --disable-browser-plugin --enable-java-awt=gtk --enable-gtk-cairo --with-java-home=/usr/lib/jvm/java-1.5.0-gcj-4.9-armhf/jre --enable-java-home --with-jvm-root-dir=/usr/lib/jvm/java-1.5.0-gcj-4.9-armhf --with-jvm-jar-dir=/usr/lib/jvm-exports/java-1.5.0-gcj-4.9-armhf --with-arch-directory=arm --with-ecj-jar=/usr/share/java/eclipse-ecj.jar --enable-objc-gc --enable-multiarch --disable-sjlj-exceptions --with-arch=armv7-a --with-fpu=vfpv3-d16 --with-float=hard --with-mode=thumb --enable-checking=release --build=arm-linux-gnueabihf --host=arm-linux-gnueabihf --target=arm-linux-gnueabihf
Thread model: posix
gcc version 4.9.2 (Debian 4.9.2-10+deb8u1) 
configure:3593: $? = 0
configure:3582: gcc -V >&5
gcc: error: unrecognized command line option '-V'
gcc: fatal error: no input files
compilation terminated.
configure:3593: $? = 4
configure:3582: gcc -qversion >&5
gcc: error: unrecognized command line option '-qversion'
gcc: fatal error: no input files
compilation terminated.
configure:3593: $? = 4
configure:3613: checking whether the C compiler works
configure:3635: gcc    conftest.c  >&5
configure:3639: $? = 0
configure:3687: result: yes
configure:3690: checking for C compiler default output file name
configure:3692: result: a.out
configure:3698: checking for suffix of executables
configure:3705: gcc -o conftest    conftest.c  >&5
configure:3709: $? = 0
configure:3731: result: 
configure:3753: checking whether we are cross compiling
configure:3761: gcc -o conftest    conftest.c  >&5
configure:3765: $? = 0
configure:3772: ./conftest
configure:3776: $? = 0
configure:3791: result: no
configure:3796: checking for suffix of object files
configure:3818: gcc -c   conftest.c >&5
configure:3822: $? = 0
configure:3843: result: o
configure:3847: checking whether we are using the GNU C compiler
configure:3866: gcc -c   conftest.c >&5
configure:3866: $? = 0
configure:3875: result: yes
configure:3884: checking whether gcc accepts -g
configure:3904: gcc -c -g  conftest.c >&5
configure:3904: $? = 0
configure:3945: result: yes
configure:3962: checking for gcc option to accept ISO C89
configure:4025: gcc  -c -g -O2  conftest.c >&5
configure:4025: $? = 0
configure:4038: result: none needed
configure:4063: checking whether gcc understands -c and -o together
configure:4085: gcc -c conftest.c -o conftest2.o
configure:4088: $? = 0
configure:4085: gcc -c conftest.c -o conftest2.o
configure:4088: $? = 0
configure:4100: result: yes
configure:4128: checking for style of include used by make
configure:4156: result: GNU
configure:4182: checking dependency style of gcc
configure:4293: result: gcc3
configure:4309: checking for gcc option to accept ISO C99
configure:4458: gcc  -c -g -O2  conftest.c >&5
conftest.c:61:29: error: expected ';', ',' or ')' before 'text'
 test_restrict (ccp restrict text)
                             ^
conftest.c: In function 'main':
conftest.c:115:18: error: expected '=', ',', ';', 'asm' or '__attribute__' before 'newvar'
   char *restrict newvar = "Another string";
                  ^
conftest.c:115:18: error: 'newvar' undeclared (first use in this function)
conftest.c:115:18: note: each undeclared identifier is reported only once for each function it appears in
conftest.c:125:3: error: 'for' loop initial declarations are only allowed in C99 or C11 mode
   for (int i = 0; i < ia->datasize; ++i)
   ^
conftest.c:125:3: note: use option -std=c99, -std=gnu99, -std=c11 or -std=gnu11 to compile your code
configure:4458: $? = 1
configure: failed program was:
| /* confdefs.h */
| #define PACKAGE_NAME "openocd"
| #define PACKAGE_TARNAME "openocd"
| #define PACKAGE_VERSION "0.12.0-rc1"
| #define PACKAGE_STRING "openocd 0.12.0-rc1"
| #define PACKAGE_BUGREPORT "OpenOCD Mailing List <openocd-devel@lists.sourceforge.net>"
| #define PACKAGE_URL ""
| #define PACKAGE "openocd"
| #define VERSION "0.12.0-rc1"
| /* end confdefs.h.  */
| #include <stdarg.h>
| #include <stdbool.h>
| #include <stdlib.h>
| #include <wchar.h>
| #include <stdio.h>
| 
| // Check varargs macros.  These examples are taken from C99 6.10.3.5.
| #define debug(...) fprintf (stderr, __VA_ARGS__)
| #define showlist(...) puts (#__VA_ARGS__)
| #define report(test,...) ((test) ? puts (#test) : printf (__VA_ARGS__))
| static void
| test_varargs_macros (void)
| {
|   int x = 1234;
|   int y = 5678;
|   debug ("Flag");
|   debug ("X = %d\n", x);
|   showlist (The first, second, and third items.);
|   report (x>y, "x is %d but y is %d", x, y);
| }
| 
| // Check long long types.
| #define BIG64 18446744073709551615ull
| #define BIG32 4294967295ul
| #define BIG_OK (BIG64 / BIG32 == 4294967297ull && BIG64 % BIG32 == 0)
| #if !BIG_OK
|   your preprocessor is broken;
| #endif
| #if BIG_OK
| #else
|   your preprocessor is broken;
| #endif
| static long long int bignum = -9223372036854775807LL;
| static unsigned long long int ubignum = BIG64;
| 
| struct incomplete_array
| {
|   int datasize;
|   double data[];
| };
| 
| struct named_init {
|   int number;
|   const wchar_t *name;
|   double average;
| };
| 
| typedef const char *ccp;
| 
| static inline int
| test_restrict (ccp restrict text)
| {
|   // See if C++-style comments work.
|   // Iterate through items via the restricted pointer.
|   // Also check for declarations in for loops.
|   for (unsigned int i = 0; *(text+i) != '\0'; ++i)
|     continue;
|   return 0;
| }
| 
| // Check varargs and va_copy.
| static void
| test_varargs (const char *format, ...)
| {
|   va_list args;
|   va_start (args, format);
|   va_list args_copy;
|   va_copy (args_copy, args);
| 
|   const char *str;
|   int number;
|   float fnumber;
| 
|   while (*format)
|     {
|       switch (*format++)
| 	{
| 	case 's': // string
| 	  str = va_arg (args_copy, const char *);
| 	  break;
| 	case 'd': // int
| 	  number = va_arg (args_copy, int);
| 	  break;
| 	case 'f': // float
| 	  fnumber = va_arg (args_copy, double);
| 	  break;
| 	default:
| 	  break;
| 	}
|     }
|   va_end (args_copy);
|   va_end (args);
| }
| 
| int
| main ()
| {
| 
|   // Check bool.
|   _Bool success = false;
| 
|   // Check restrict.
|   if (test_restrict ("String literal") == 0)
|     success = true;
|   char *restrict newvar = "Another string";
| 
|   // Check varargs.
|   test_varargs ("s, d' f .", "string", 65, 34.234);
|   test_varargs_macros ();
| 
|   // Check flexible array members.
|   struct incomplete_array *ia =
|     malloc (sizeof (struct incomplete_array) + (sizeof (double) * 10));
|   ia->datasize = 10;
|   for (int i = 0; i < ia->datasize; ++i)
|     ia->data[i] = i * 1.234;
| 
|   // Check named initializers.
|   struct named_init ni = {
|     .number = 34,
|     .name = L"Test wide string",
|     .average = 543.34343,
|   };
| 
|   ni.number = 58;
| 
|   int dynamic_array[ni.number];
|   dynamic_array[ni.number - 1] = 543;
| 
|   // work around unused variable warnings
|   return (!success || bignum == 0LL || ubignum == 0uLL || newvar[0] == 'x'
| 	  || dynamic_array[ni.number - 1] != 543);
| 
|   ;
|   return 0;
| }
configure:4458: gcc -std=gnu99 -c -g -O2  conftest.c >&5
configure:4458: $? = 0
configure:4478: result: -std=gnu99
configure:4530: checking for ranlib
configure:4546: found /usr/bin/ranlib
configure:4557: result: ranlib
configure:4637: checking for pkg-config
configure:4655: found /usr/bin/pkg-config
configure:4667: result: /usr/bin/pkg-config
configure:4692: checking pkg-config is at least version 0.23
configure:4695: result: yes
configure:4767: checking build system type
configure:4781: result: armv7l-unknown-linux-gnueabihf
configure:4801: checking host system type
configure:4814: result: armv7l-unknown-linux-gnueabihf
configure:4855: checking how to print strings
configure:4882: result: printf
configure:4903: checking for a sed that does not truncate output
configure:4967: result: /bin/sed
configure:4985: checking for grep that handles long lines and -e
configure:5043: result: /bin/grep
configure:5048: checking for egrep
configure:5110: result: /bin/grep -E
configure:5115: checking for fgrep
configure:5177: result: /bin/grep -F
configure:5212: checking for ld used by gcc -std=gnu99
configure:5279: result: /usr/bin/ld
configure:5286: checking if the linker (/usr/bin/ld) is GNU ld
configure:5301: result: yes
configure:5313: checking for BSD- or MS-compatible name lister (nm)
configure:5362: result: /usr/bin/nm -B
configure:5492: checking the name lister (/usr/bin/nm -B) interface
configure:5499: gcc -std=gnu99 -c -g -O2  conftest.c >&5
configure:5502: /usr/bin/nm -B "conftest.o"
configure:5505: output
00000000 B some_variable
configure:5512: result: BSD nm
configure:5515: checking whether ln -s works
configure:5519: result: yes
configure:5527: checking the maximum length of command line arguments
configure:5658: result: 1572864
configure:5675: checking whether the shell understands some XSI constructs
configure:5685: result: yes
configure:5689: checking whether the shell understands "+="
configure:5695: result: yes
configure:5730: checking how to convert armv7l-unknown-linux-gnueabihf file names to armv7l-unknown-linux-gnueabihf format
configure:5770: result: func_convert_file_noop
configure:5777: checking how to convert armv7l-unknown-linux-gnueabihf file names to toolchain format
configure:5797: result: func_convert_file_noop
configure:5804: checking for /usr/bin/ld option to reload object files
configure:5811: result: -r
configure:5885: checking for objdump
configure:5901: found /usr/bin/objdump
configure:5912: result: objdump
configure:5944: checking how to recognize dependent libraries
configure:6142: result: pass_all
configure:6227: checking for dlltool
configure:6257: result: no
configure:6287: checking how to associate runtime and link libraries
configure:6314: result: printf %s\n
configure:6375: checking for ar
configure:6391: found /usr/bin/ar
configure:6402: result: ar
configure:6439: checking for archiver @FILE support
configure:6456: gcc -std=gnu99 -c -g -O2  conftest.c >&5
configure:6456: $? = 0
configure:6459: ar cru libconftest.a @conftest.lst >&5
configure:6462: $? = 0
configure:6467: ar cru libconftest.a @conftest.lst >&5
/usr/bin/ar: conftest.o: No such file or directory
configure:6470: $? = 1
configure:6482: result: @
configure:6540: checking for strip
configure:6556: found /usr/bin/strip
configure:6567: result: strip
configure:6639: checking for ranlib
configure:6666: result: ranlib
configure:6768: checking command to parse /usr/bin/nm -B output from gcc -std=gnu99 object
configure:6888: gcc -std=gnu99 -c -g -O2  conftest.c >&5
configure:6891: $? = 0
configure:6895: /usr/bin/nm -B conftest.o \| sed -n -e 's/^.*[ ]\([ABCDGIRSTW][ABCDGIRSTW]*\)[ ][ ]*\([_A-Za-z][_A-Za-z0-9]*\)$/\1 \2 \2/p' | sed '/ __gnu_lto/d' \> conftest.nm
configure:6898: $? = 0
configure:6964: gcc -std=gnu99 -o conftest -g -O2   conftest.c conftstm.o >&5
configure:6967: $? = 0
configure:7005: result: ok
configure:7042: checking for sysroot
configure:7072: result: no
configure:7341: checking for mt
configure:7371: result: no
configure:7391: checking if : is a manifest tool
configure:7397: : '-?'
configure:7405: result: no
configure:8047: checking how to run the C preprocessor
configure:8078: gcc -std=gnu99 -E  conftest.c
configure:8078: $? = 0
configure:8092: gcc -std=gnu99 -E  conftest.c
conftest.c:11:28: fatal error: ac_nonexistent.h: No such file or directory
 #include <ac_nonexistent.h>
                            ^
compilation terminated.
configure:8092: $? = 1
configure: failed program was:
| /* confdefs.h */
| #define PACKAGE_NAME "openocd"
| #define PACKAGE_TARNAME "openocd"
| #define PACKAGE_VERSION "0.12.0-rc1"
| #define PACKAGE_STRING "openocd 0.12.0-rc1"
| #define PACKAGE_BUGREPORT "OpenOCD Mailing List <openocd-devel@lists.sourceforge.net>"
| #define PACKAGE_URL ""
| #define PACKAGE "openocd"
| #define VERSION "0.12.0-rc1"
| /* end confdefs.h.  */
| #include <ac_nonexistent.h>
configure:8117: result: gcc -std=gnu99 -E
configure:8137: gcc -std=gnu99 -E  conftest.c
configure:8137: $? = 0
configure:8151: gcc -std=gnu99 -E  conftest.c
conftest.c:11:28: fatal error: ac_nonexistent.h: No such file or directory
 #include <ac_nonexistent.h>
                            ^
compilation terminated.
configure:8151: $? = 1
configure: failed program was:
| /* confdefs.h */
| #define PACKAGE_NAME "openocd"
| #define PACKAGE_TARNAME "openocd"
| #define PACKAGE_VERSION "0.12.0-rc1"
| #define PACKAGE_STRING "openocd 0.12.0-rc1"
| #define PACKAGE_BUGREPORT "OpenOCD Mailing List <openocd-devel@lists.sourceforge.net>"
| #define PACKAGE_URL ""
| #define PACKAGE "openocd"
| #define VERSION "0.12.0-rc1"
| /* end confdefs.h.  */
| #include <ac_nonexistent.h>
configure:8180: checking for ANSI C header files
configure:8200: gcc -std=gnu99 -c -g -O2  conftest.c >&5
configure:8200: $? = 0
configure:8273: gcc -std=gnu99 -o conftest -g -O2   conftest.c  >&5
configure:8273: $? = 0
configure:8273: ./conftest
configure:8273: $? = 0
configure:8284: result: yes
configure:8297: checking for sys/types.h
configure:8297: gcc -std=gnu99 -c -g -O2  conftest.c >&5
configure:8297: $? = 0
configure:8297: result: yes
configure:8297: checking for sys/stat.h
configure:8297: gcc -std=gnu99 -c -g -O2  conftest.c >&5
configure:8297: $? = 0
configure:8297: result: yes
configure:8297: checking for stdlib.h
configure:8297: gcc -std=gnu99 -c -g -O2  conftest.c >&5
configure:8297: $? = 0
configure:8297: result: yes
configure:8297: checking for string.h
configure:8297: gcc -std=gnu99 -c -g -O2  conftest.c >&5
configure:8297: $? = 0
configure:8297: result: yes
configure:8297: checking for memory.h
configure:8297: gcc -std=gnu99 -c -g -O2  conftest.c >&5
configure:8297: $? = 0
configure:8297: result: yes
configure:8297: checking for strings.h
configure:8297: gcc -std=gnu99 -c -g -O2  conftest.c >&5
configure:8297: $? = 0
configure:8297: result: yes
configure:8297: checking for inttypes.h
configure:8297: gcc -std=gnu99 -c -g -O2  conftest.c >&5
configure:8297: $? = 0
configure:8297: result: yes
configure:8297: checking for stdint.h
configure:8297: gcc -std=gnu99 -c -g -O2  conftest.c >&5
configure:8297: $? = 0
configure:8297: result: yes
configure:8297: checking for unistd.h
configure:8297: gcc -std=gnu99 -c -g -O2  conftest.c >&5
configure:8297: $? = 0
configure:8297: result: yes
configure:8311: checking for dlfcn.h
configure:8311: gcc -std=gnu99 -c -g -O2  conftest.c >&5
configure:8311: $? = 0
configure:8311: result: yes
configure:8487: checking for objdir
configure:8502: result: .libs
configure:8769: checking if gcc -std=gnu99 supports -fno-rtti -fno-exceptions
configure:8787: gcc -std=gnu99 -c -g -O2  -fno-rtti -fno-exceptions conftest.c >&5
cc1: warning: command line option '-fno-rtti' is valid for C++/ObjC++ but not for C
configure:8791: $? = 0
configure:8804: result: no
configure:9131: checking for gcc -std=gnu99 option to produce PIC
configure:9138: result: -fPIC -DPIC
configure:9146: checking if gcc -std=gnu99 PIC flag -fPIC -DPIC works
configure:9164: gcc -std=gnu99 -c -g -O2  -fPIC -DPIC -DPIC conftest.c >&5
configure:9168: $? = 0
configure:9181: result: yes
configure:9210: checking if gcc -std=gnu99 static flag -static works
configure:9238: result: yes
configure:9253: checking if gcc -std=gnu99 supports -c -o file.o
configure:9274: gcc -std=gnu99 -c -g -O2  -o out/conftest2.o conftest.c >&5
configure:9278: $? = 0
configure:9300: result: yes
configure:9308: checking if gcc -std=gnu99 supports -c -o file.o
configure:9355: result: yes
configure:9388: checking whether the gcc -std=gnu99 linker (/usr/bin/ld) supports shared libraries
configure:10545: result: yes
configure:10785: checking dynamic linker characteristics
configure:11285: gcc -std=gnu99 -o conftest -g -O2   -Wl,-rpath -Wl,/foo conftest.c  >&5
configure:11285: $? = 0
configure:11519: result: GNU/Linux ld.so
configure:11626: checking how to hardcode library paths into programs
configure:11651: result: immediate
configure:12191: checking whether stripping libraries is possible
configure:12196: result: yes
configure:12231: checking if libtool supports shared libraries
configure:12233: result: yes
configure:12236: checking whether to build shared libraries
configure:12257: result: no
configure:12260: checking whether to build static libraries
configure:12264: result: yes
configure:12303: checking for an ANSI C-conforming const
configure:12369: gcc -std=gnu99 -c -g -O2  conftest.c >&5
configure:12369: $? = 0
configure:12376: result: yes
configure:12385: checking for unsigned long long int
configure:12433: result: yes
configure:12443: checking for long long int
configure:12493: result: yes
configure:12502: checking for library containing ioperm
configure:12533: gcc -std=gnu99 -o conftest -g -O2   conftest.c  >&5
configure:12533: $? = 0
configure:12550: result: none required
configure:12558: checking for library containing dlopen
configure:12589: gcc -std=gnu99 -o conftest -g -O2   conftest.c  >&5
/tmp/ccvsrLwT.o: In function `main':
/home/openocd_axiblaster/openocd012-code-withaxi/conftest.c:36: undefined reference to `dlopen'
collect2: error: ld returned 1 exit status
configure:12589: $? = 1
configure: failed program was:
| /* confdefs.h */
| #define PACKAGE_NAME "openocd"
| #define PACKAGE_TARNAME "openocd"
| #define PACKAGE_VERSION "0.12.0-rc1"
| #define PACKAGE_STRING "openocd 0.12.0-rc1"
| #define PACKAGE_BUGREPORT "OpenOCD Mailing List <openocd-devel@lists.sourceforge.net>"
| #define PACKAGE_URL ""
| #define PACKAGE "openocd"
| #define VERSION "0.12.0-rc1"
| #define STDC_HEADERS 1
| #define HAVE_SYS_TYPES_H 1
| #define HAVE_SYS_STAT_H 1
| #define HAVE_STDLIB_H 1
| #define HAVE_STRING_H 1
| #define HAVE_MEMORY_H 1
| #define HAVE_STRINGS_H 1
| #define HAVE_INTTYPES_H 1
| #define HAVE_STDINT_H 1
| #define HAVE_UNISTD_H 1
| #define HAVE_DLFCN_H 1
| #define LT_OBJDIR ".libs/"
| #define HAVE_UNSIGNED_LONG_LONG_INT 1
| #define HAVE_LONG_LONG_INT 1
| /* end confdefs.h.  */
| 
| /* Override any GCC internal prototype to avoid an error.
|    Use char because int might match the return type of a GCC
|    builtin and then its argument prototype would still apply.  */
| #ifdef __cplusplus
| extern "C"
| #endif
| char dlopen ();
| int
| main ()
| {
| return dlopen ();
|   ;
|   return 0;
| }
configure:12589: gcc -std=gnu99 -o conftest -g -O2   conftest.c -ldl   >&5
configure:12589: $? = 0
configure:12606: result: -ldl
configure:12614: checking for library containing openpty
configure:12645: gcc -std=gnu99 -o conftest -g -O2   conftest.c -ldl  >&5
/tmp/cca3xsuE.o: In function `main':
/home/openocd_axiblaster/openocd012-code-withaxi/conftest.c:36: undefined reference to `openpty'
collect2: error: ld returned 1 exit status
configure:12645: $? = 1
configure: failed program was:
| /* confdefs.h */
| #define PACKAGE_NAME "openocd"
| #define PACKAGE_TARNAME "openocd"
| #define PACKAGE_VERSION "0.12.0-rc1"
| #define PACKAGE_STRING "openocd 0.12.0-rc1"
| #define PACKAGE_BUGREPORT "OpenOCD Mailing List <openocd-devel@lists.sourceforge.net>"
| #define PACKAGE_URL ""
| #define PACKAGE "openocd"
| #define VERSION "0.12.0-rc1"
| #define STDC_HEADERS 1
| #define HAVE_SYS_TYPES_H 1
| #define HAVE_SYS_STAT_H 1
| #define HAVE_STDLIB_H 1
| #define HAVE_STRING_H 1
| #define HAVE_MEMORY_H 1
| #define HAVE_STRINGS_H 1
| #define HAVE_INTTYPES_H 1
| #define HAVE_STDINT_H 1
| #define HAVE_UNISTD_H 1
| #define HAVE_DLFCN_H 1
| #define LT_OBJDIR ".libs/"
| #define HAVE_UNSIGNED_LONG_LONG_INT 1
| #define HAVE_LONG_LONG_INT 1
| /* end confdefs.h.  */
| 
| /* Override any GCC internal prototype to avoid an error.
|    Use char because int might match the return type of a GCC
|    builtin and then its argument prototype would still apply.  */
| #ifdef __cplusplus
| extern "C"
| #endif
| char openpty ();
| int
| main ()
| {
| return openpty ();
|   ;
|   return 0;
| }
configure:12645: gcc -std=gnu99 -o conftest -g -O2   conftest.c -lutil  -ldl  >&5
configure:12645: $? = 0
configure:12662: result: -lutil
configure:12673: checking sys/socket.h usability
configure:12673: gcc -std=gnu99 -c -g -O2  conftest.c >&5
configure:12673: $? = 0
configure:12673: result: yes
configure:12673: checking sys/socket.h presence
configure:12673: gcc -std=gnu99 -E  conftest.c
configure:12673: $? = 0
configure:12673: result: yes
configure:12673: checking for sys/socket.h
configure:12673: result: yes
configure:12685: checking elf.h usability
configure:12685: gcc -std=gnu99 -c -g -O2  conftest.c >&5
configure:12685: $? = 0
configure:12685: result: yes
configure:12685: checking elf.h presence
configure:12685: gcc -std=gnu99 -E  conftest.c
configure:12685: $? = 0
configure:12685: result: yes
configure:12685: checking for elf.h
configure:12685: result: yes
configure:12712: checking fcntl.h usability
configure:12712: gcc -std=gnu99 -c -g -O2  conftest.c >&5
configure:12712: $? = 0
configure:12712: result: yes
configure:12712: checking fcntl.h presence
configure:12712: gcc -std=gnu99 -E  conftest.c
configure:12712: $? = 0
configure:12712: result: yes
configure:12712: checking for fcntl.h
configure:12712: result: yes
configure:12724: checking malloc.h usability
configure:12724: gcc -std=gnu99 -c -g -O2  conftest.c >&5
configure:12724: $? = 0
configure:12724: result: yes
configure:12724: checking malloc.h presence
configure:12724: gcc -std=gnu99 -E  conftest.c
configure:12724: $? = 0
configure:12724: result: yes
configure:12724: checking for malloc.h
configure:12724: result: yes
configure:12736: checking netdb.h usability
configure:12736: gcc -std=gnu99 -c -g -O2  conftest.c >&5
configure:12736: $? = 0
configure:12736: result: yes
configure:12736: checking netdb.h presence
configure:12736: gcc -std=gnu99 -E  conftest.c
configure:12736: $? = 0
configure:12736: result: yes
configure:12736: checking for netdb.h
configure:12736: result: yes
configure:12748: checking poll.h usability
configure:12748: gcc -std=gnu99 -c -g -O2  conftest.c >&5
configure:12748: $? = 0
configure:12748: result: yes
configure:12748: checking poll.h presence
configure:12748: gcc -std=gnu99 -E  conftest.c
configure:12748: $? = 0
configure:12748: result: yes
configure:12748: checking for poll.h
configure:12748: result: yes
configure:12760: checking for strings.h
configure:12760: result: yes
configure:12772: checking sys/ioctl.h usability
configure:12772: gcc -std=gnu99 -c -g -O2  conftest.c >&5
configure:12772: $? = 0
configure:12772: result: yes
configure:12772: checking sys/ioctl.h presence
configure:12772: gcc -std=gnu99 -E  conftest.c
configure:12772: $? = 0
configure:12772: result: yes
configure:12772: checking for sys/ioctl.h
configure:12772: result: yes
configure:12784: checking sys/param.h usability
configure:12784: gcc -std=gnu99 -c -g -O2  conftest.c >&5
configure:12784: $? = 0
configure:12784: result: yes
configure:12784: checking sys/param.h presence
configure:12784: gcc -std=gnu99 -E  conftest.c
configure:12784: $? = 0
configure:12784: result: yes
configure:12784: checking for sys/param.h
configure:12784: result: yes
configure:12796: checking sys/select.h usability
configure:12796: gcc -std=gnu99 -c -g -O2  conftest.c >&5
configure:12796: $? = 0
configure:12796: result: yes
configure:12796: checking sys/select.h presence
configure:12796: gcc -std=gnu99 -E  conftest.c
configure:12796: $? = 0
configure:12796: result: yes
configure:12796: checking for sys/select.h
configure:12796: result: yes
configure:12808: checking for sys/stat.h
configure:12808: result: yes
configure:12820: checking sys/sysctl.h usability
configure:12820: gcc -std=gnu99 -c -g -O2  conftest.c >&5
configure:12820: $? = 0
configure:12820: result: yes
configure:12820: checking sys/sysctl.h presence
configure:12820: gcc -std=gnu99 -E  conftest.c
configure:12820: $? = 0
configure:12820: result: yes
configure:12820: checking for sys/sysctl.h
configure:12820: result: yes
configure:12832: checking sys/time.h usability
configure:12832: gcc -std=gnu99 -c -g -O2  conftest.c >&5
configure:12832: $? = 0
configure:12832: result: yes
configure:12832: checking sys/time.h presence
configure:12832: gcc -std=gnu99 -E  conftest.c
configure:12832: $? = 0
configure:12832: result: yes
configure:12832: checking for sys/time.h
configure:12832: result: yes
configure:12844: checking for sys/types.h
configure:12844: result: yes
configure:12856: checking for unistd.h
configure:12856: result: yes
configure:12869: checking for arpa/inet.h
configure:12869: gcc -std=gnu99 -c -g -O2  conftest.c >&5
configure:12869: $? = 0
configure:12869: result: yes
configure:12869: checking for netinet/in.h
configure:12869: gcc -std=gnu99 -c -g -O2  conftest.c >&5
configure:12869: $? = 0
configure:12869: result: yes
configure:12869: checking for netinet/tcp.h
configure:12869: gcc -std=gnu99 -c -g -O2  conftest.c >&5
configure:12869: $? = 0
configure:12869: result: yes
configure:12894: checking whether to enable assertions
configure:12912: result: yes
configure:12915: checking for stdbool.h that conforms to C99
configure:12982: gcc -std=gnu99 -c -g -O2  conftest.c >&5
configure:12982: $? = 0
configure:12989: result: yes
configure:12991: checking for _Bool
configure:12991: gcc -std=gnu99 -c -g -O2  conftest.c >&5
configure:12991: $? = 0
configure:12991: gcc -std=gnu99 -c -g -O2  conftest.c >&5
conftest.c: In function 'main':
conftest.c:80:20: error: expected expression before ')' token
 if (sizeof ((_Bool)))
                    ^
configure:12991: $? = 1
configure: failed program was:
| /* confdefs.h */
| #define PACKAGE_NAME "openocd"
| #define PACKAGE_TARNAME "openocd"
| #define PACKAGE_VERSION "0.12.0-rc1"
| #define PACKAGE_STRING "openocd 0.12.0-rc1"
| #define PACKAGE_BUGREPORT "OpenOCD Mailing List <openocd-devel@lists.sourceforge.net>"
| #define PACKAGE_URL ""
| #define PACKAGE "openocd"
| #define VERSION "0.12.0-rc1"
| #define STDC_HEADERS 1
| #define HAVE_SYS_TYPES_H 1
| #define HAVE_SYS_STAT_H 1
| #define HAVE_STDLIB_H 1
| #define HAVE_STRING_H 1
| #define HAVE_MEMORY_H 1
| #define HAVE_STRINGS_H 1
| #define HAVE_INTTYPES_H 1
| #define HAVE_STDINT_H 1
| #define HAVE_UNISTD_H 1
| #define HAVE_DLFCN_H 1
| #define LT_OBJDIR ".libs/"
| #define HAVE_UNSIGNED_LONG_LONG_INT 1
| #define HAVE_LONG_LONG_INT 1
| #define HAVE_SYS_SOCKET_H 1
| #define HAVE_ELF_H 1
| #define HAVE_ELF64 1
| #define HAVE_FCNTL_H 1
| #define HAVE_MALLOC_H 1
| #define HAVE_NETDB_H 1
| #define HAVE_POLL_H 1
| #define HAVE_STRINGS_H 1
| #define HAVE_SYS_IOCTL_H 1
| #define HAVE_SYS_PARAM_H 1
| #define HAVE_SYS_SELECT_H 1
| #define HAVE_SYS_STAT_H 1
| #define HAVE_SYS_SYSCTL_H 1
| #define HAVE_SYS_TIME_H 1
| #define HAVE_SYS_TYPES_H 1
| #define HAVE_UNISTD_H 1
| #define HAVE_ARPA_INET_H 1
| #define HAVE_NETINET_IN_H 1
| #define HAVE_NETINET_TCP_H 1
| /* end confdefs.h.  */
| #include <stdio.h>
| #ifdef HAVE_SYS_TYPES_H
| # include <sys/types.h>
| #endif
| #ifdef HAVE_SYS_STAT_H
| # include <sys/stat.h>
| #endif
| #ifdef STDC_HEADERS
| # include <stdlib.h>
| # include <stddef.h>
| #else
| # ifdef HAVE_STDLIB_H
| #  include <stdlib.h>
| # endif
| #endif
| #ifdef HAVE_STRING_H
| # if !defined STDC_HEADERS && defined HAVE_MEMORY_H
| #  include <memory.h>
| # endif
| # include <string.h>
| #endif
| #ifdef HAVE_STRINGS_H
| # include <strings.h>
| #endif
| #ifdef HAVE_INTTYPES_H
| # include <inttypes.h>
| #endif
| #ifdef HAVE_STDINT_H
| # include <stdint.h>
| #endif
| #ifdef HAVE_UNISTD_H
| # include <unistd.h>
| #endif
| int
| main ()
| {
| if (sizeof ((_Bool)))
| 	    return 0;
|   ;
|   return 0;
| }
configure:12991: result: yes
configure:13009: checking whether byte ordering is bigendian
configure:13024: gcc -std=gnu99 -c -g -O2  conftest.c >&5
conftest.c:47:9: error: unknown type name 'not'
         not a universal capable compiler
         ^
conftest.c:47:15: error: expected '=', ',', ';', 'asm' or '__attribute__' before 'universal'
         not a universal capable compiler
               ^
conftest.c:47:15: error: unknown type name 'universal'
configure:13024: $? = 1
configure: failed program was:
| /* confdefs.h */
| #define PACKAGE_NAME "openocd"
| #define PACKAGE_TARNAME "openocd"
| #define PACKAGE_VERSION "0.12.0-rc1"
| #define PACKAGE_STRING "openocd 0.12.0-rc1"
| #define PACKAGE_BUGREPORT "OpenOCD Mailing List <openocd-devel@lists.sourceforge.net>"
| #define PACKAGE_URL ""
| #define PACKAGE "openocd"
| #define VERSION "0.12.0-rc1"
| #define STDC_HEADERS 1
| #define HAVE_SYS_TYPES_H 1
| #define HAVE_SYS_STAT_H 1
| #define HAVE_STDLIB_H 1
| #define HAVE_STRING_H 1
| #define HAVE_MEMORY_H 1
| #define HAVE_STRINGS_H 1
| #define HAVE_INTTYPES_H 1
| #define HAVE_STDINT_H 1
| #define HAVE_UNISTD_H 1
| #define HAVE_DLFCN_H 1
| #define LT_OBJDIR ".libs/"
| #define HAVE_UNSIGNED_LONG_LONG_INT 1
| #define HAVE_LONG_LONG_INT 1
| #define HAVE_SYS_SOCKET_H 1
| #define HAVE_ELF_H 1
| #define HAVE_ELF64 1
| #define HAVE_FCNTL_H 1
| #define HAVE_MALLOC_H 1
| #define HAVE_NETDB_H 1
| #define HAVE_POLL_H 1
| #define HAVE_STRINGS_H 1
| #define HAVE_SYS_IOCTL_H 1
| #define HAVE_SYS_PARAM_H 1
| #define HAVE_SYS_SELECT_H 1
| #define HAVE_SYS_STAT_H 1
| #define HAVE_SYS_SYSCTL_H 1
| #define HAVE_SYS_TIME_H 1
| #define HAVE_SYS_TYPES_H 1
| #define HAVE_UNISTD_H 1
| #define HAVE_ARPA_INET_H 1
| #define HAVE_NETINET_IN_H 1
| #define HAVE_NETINET_TCP_H 1
| #define HAVE__BOOL 1
| #define HAVE_STDBOOL_H 1
| /* end confdefs.h.  */
| #ifndef __APPLE_CC__
| 	       not a universal capable compiler
| 	     #endif
| 	     typedef int dummy;
| 
configure:13069: gcc -std=gnu99 -c -g -O2  conftest.c >&5
configure:13069: $? = 0
configure:13087: gcc -std=gnu99 -c -g -O2  conftest.c >&5
conftest.c: In function 'main':
conftest.c:53:4: error: unknown type name 'not'
    not big endian
    ^
conftest.c:53:12: error: expected '=', ',', ';', 'asm' or '__attribute__' before 'endian'
    not big endian
            ^
configure:13087: $? = 1
configure: failed program was:
| /* confdefs.h */
| #define PACKAGE_NAME "openocd"
| #define PACKAGE_TARNAME "openocd"
| #define PACKAGE_VERSION "0.12.0-rc1"
| #define PACKAGE_STRING "openocd 0.12.0-rc1"
| #define PACKAGE_BUGREPORT "OpenOCD Mailing List <openocd-devel@lists.sourceforge.net>"
| #define PACKAGE_URL ""
| #define PACKAGE "openocd"
| #define VERSION "0.12.0-rc1"
| #define STDC_HEADERS 1
| #define HAVE_SYS_TYPES_H 1
| #define HAVE_SYS_STAT_H 1
| #define HAVE_STDLIB_H 1
| #define HAVE_STRING_H 1
| #define HAVE_MEMORY_H 1
| #define HAVE_STRINGS_H 1
| #define HAVE_INTTYPES_H 1
| #define HAVE_STDINT_H 1
| #define HAVE_UNISTD_H 1
| #define HAVE_DLFCN_H 1
| #define LT_OBJDIR ".libs/"
| #define HAVE_UNSIGNED_LONG_LONG_INT 1
| #define HAVE_LONG_LONG_INT 1
| #define HAVE_SYS_SOCKET_H 1
| #define HAVE_ELF_H 1
| #define HAVE_ELF64 1
| #define HAVE_FCNTL_H 1
| #define HAVE_MALLOC_H 1
| #define HAVE_NETDB_H 1
| #define HAVE_POLL_H 1
| #define HAVE_STRINGS_H 1
| #define HAVE_SYS_IOCTL_H 1
| #define HAVE_SYS_PARAM_H 1
| #define HAVE_SYS_SELECT_H 1
| #define HAVE_SYS_STAT_H 1
| #define HAVE_SYS_SYSCTL_H 1
| #define HAVE_SYS_TIME_H 1
| #define HAVE_SYS_TYPES_H 1
| #define HAVE_UNISTD_H 1
| #define HAVE_ARPA_INET_H 1
| #define HAVE_NETINET_IN_H 1
| #define HAVE_NETINET_TCP_H 1
| #define HAVE__BOOL 1
| #define HAVE_STDBOOL_H 1
| /* end confdefs.h.  */
| #include <sys/types.h>
| 		#include <sys/param.h>
| 
| int
| main ()
| {
| #if BYTE_ORDER != BIG_ENDIAN
| 		 not big endian
| 		#endif
| 
|   ;
|   return 0;
| }
configure:13215: result: no
configure:13236: checking for strndup
configure:13236: gcc -std=gnu99 -o conftest -g -O2   conftest.c -lutil -ldl  >&5
conftest.c:69:6: warning: conflicting types for built-in function 'strndup'
 char strndup ();
      ^
configure:13236: $? = 0
configure:13236: result: yes
configure:13247: checking for strnlen
configure:13247: gcc -std=gnu99 -o conftest -g -O2   conftest.c -lutil -ldl  >&5
configure:13247: $? = 0
configure:13247: result: yes
configure:13258: checking for gettimeofday
configure:13258: gcc -std=gnu99 -o conftest -g -O2   conftest.c -lutil -ldl  >&5
configure:13258: $? = 0
configure:13258: result: yes
configure:13269: checking for usleep
configure:13269: gcc -std=gnu99 -o conftest -g -O2   conftest.c -lutil -ldl  >&5
configure:13269: $? = 0
configure:13269: result: yes
configure:13280: checking for realpath
configure:13280: gcc -std=gnu99 -o conftest -g -O2   conftest.c -lutil -ldl  >&5
configure:13280: $? = 0
configure:13280: result: yes
configure:13291: checking whether to build a release
configure:13302: result: yes
configure:13347: checking whether to build Doxygen as HTML
configure:13349: result: yes
configure:13360: checking whether to build Doxygen as PDF
configure:13362: result: no
configure:13414: checking whether to enable verbose USB I/O messages
configure:13416: result: no
configure:13426: checking whether to enable verbose USB communication messages
configure:13428: result: no
configure:13445: checking whether to enable malloc free space logging
configure:13447: result: no
configure:14379: checking for LIBUSB1
configure:14386: $PKG_CONFIG --exists --print-errors "libusb-1.0"
configure:14389: $? = 0
configure:14403: $PKG_CONFIG --exists --print-errors "libusb-1.0"
configure:14406: $? = 0
configure:14452: result: yes
configure:14460: libusb-1.0 header bug workaround: LIBUSB1_CFLAGS changed to "-isystem /usr/include/libusb-1.0"
configure:14463: $PKG_CONFIG --exists --print-errors "libusb-1.0 >= 1.0.16"
configure:14466: $? = 0
configure:14492: checking for CAPSTONE
configure:14499: $PKG_CONFIG --exists --print-errors "capstone"
Package capstone was not found in the pkg-config search path.
Perhaps you should add the directory containing `capstone.pc'
to the PKG_CONFIG_PATH environment variable
No package 'capstone' found
configure:14502: $? = 1
configure:14516: $PKG_CONFIG --exists --print-errors "capstone"
Package capstone was not found in the pkg-config search path.
Perhaps you should add the directory containing `capstone.pc'
to the PKG_CONFIG_PATH environment variable
No package 'capstone' found
configure:14519: $? = 1
configure:14533: result: no
No package 'capstone' found
configure:14587: checking for HIDAPI
configure:14594: $PKG_CONFIG --exists --print-errors "$hidapi_lib"
Package hidapi was not found in the pkg-config search path.
Perhaps you should add the directory containing `hidapi.pc'
to the PKG_CONFIG_PATH environment variable
No package 'hidapi' found
configure:14597: $? = 1
configure:14611: $PKG_CONFIG --exists --print-errors "$hidapi_lib"
Package hidapi was not found in the pkg-config search path.
Perhaps you should add the directory containing `hidapi.pc'
to the PKG_CONFIG_PATH environment variable
No package 'hidapi' found
configure:14614: $? = 1
configure:14628: result: no
No package 'hidapi' found
configure:14587: checking for HIDAPI
configure:14594: $PKG_CONFIG --exists --print-errors "$hidapi_lib"
Package hidapi-hidraw was not found in the pkg-config search path.
Perhaps you should add the directory containing `hidapi-hidraw.pc'
to the PKG_CONFIG_PATH environment variable
No package 'hidapi-hidraw' found
configure:14597: $? = 1
configure:14611: $PKG_CONFIG --exists --print-errors "$hidapi_lib"
Package hidapi-hidraw was not found in the pkg-config search path.
Perhaps you should add the directory containing `hidapi-hidraw.pc'
to the PKG_CONFIG_PATH environment variable
No package 'hidapi-hidraw' found
configure:14614: $? = 1
configure:14628: result: no
No package 'hidapi-hidraw' found
configure:14587: checking for HIDAPI
configure:14594: $PKG_CONFIG --exists --print-errors "$hidapi_lib"
Package hidapi-libusb was not found in the pkg-config search path.
Perhaps you should add the directory containing `hidapi-libusb.pc'
to the PKG_CONFIG_PATH environment variable
No package 'hidapi-libusb' found
configure:14597: $? = 1
configure:14611: $PKG_CONFIG --exists --print-errors "$hidapi_lib"
Package hidapi-libusb was not found in the pkg-config search path.
Perhaps you should add the directory containing `hidapi-libusb.pc'
to the PKG_CONFIG_PATH environment variable
No package 'hidapi-libusb' found
configure:14614: $? = 1
configure:14628: result: no
No package 'hidapi-libusb' found
configure:14667: checking for LIBFTDI
configure:14674: $PKG_CONFIG --exists --print-errors "libftdi1"
Package libftdi1 was not found in the pkg-config search path.
Perhaps you should add the directory containing `libftdi1.pc'
to the PKG_CONFIG_PATH environment variable
No package 'libftdi1' found
configure:14677: $? = 1
configure:14691: $PKG_CONFIG --exists --print-errors "libftdi1"
Package libftdi1 was not found in the pkg-config search path.
Perhaps you should add the directory containing `libftdi1.pc'
to the PKG_CONFIG_PATH environment variable
No package 'libftdi1' found
configure:14694: $? = 1
configure:14708: result: no
No package 'libftdi1' found
configure:14727: checking for LIBFTDI
configure:14734: $PKG_CONFIG --exists --print-errors "libftdi"
configure:14737: $? = 0
configure:14751: $PKG_CONFIG --exists --print-errors "libftdi"
configure:14754: $? = 0
configure:14792: result: yes
configure:14895: checking for LIBGPIOD
configure:14902: $PKG_CONFIG --exists --print-errors "libgpiod"
Package libgpiod was not found in the pkg-config search path.
Perhaps you should add the directory containing `libgpiod.pc'
to the PKG_CONFIG_PATH environment variable
No package 'libgpiod' found
configure:14905: $? = 1
configure:14919: $PKG_CONFIG --exists --print-errors "libgpiod"
Package libgpiod was not found in the pkg-config search path.
Perhaps you should add the directory containing `libgpiod.pc'
to the PKG_CONFIG_PATH environment variable
No package 'libgpiod' found
configure:14922: $? = 1
configure:14936: result: no
No package 'libgpiod' found
configure:14967: checking for LIBJAYLINK
configure:14974: $PKG_CONFIG --exists --print-errors "libjaylink >= 0.2"
Package libjaylink was not found in the pkg-config search path.
Perhaps you should add the directory containing `libjaylink.pc'
to the PKG_CONFIG_PATH environment variable
No package 'libjaylink' found
configure:14977: $? = 1
configure:14991: $PKG_CONFIG --exists --print-errors "libjaylink >= 0.2"
Package libjaylink was not found in the pkg-config search path.
Perhaps you should add the directory containing `libjaylink.pc'
to the PKG_CONFIG_PATH environment variable
No package 'libjaylink' found
configure:14994: $? = 1
configure:15008: result: no
No package 'libjaylink' found
configure:16357: checking for environ in unistd.h and stdlib.h
configure:16375: gcc -std=gnu99 -c -g -O2  conftest.c >&5
configure:16375: $? = 0
configure:16377: result: yes
configure:16576: checking that generated files are newer than configure
configure:16582: result: done
configure:16862: creating ./config.status

## ---------------------- ##
## Running config.status. ##
## ---------------------- ##

This file was extended by openocd config.status 0.12.0-rc1, which was
generated by GNU Autoconf 2.69.  Invocation command line was

  CONFIG_FILES    = 
  CONFIG_HEADERS  = 
  CONFIG_LINKS    = 
  CONFIG_COMMANDS = 
  $ ./config.status 

on cahill-DELL-precision

config.status:1304: creating Makefile
config.status:1304: creating config.h
config.status:1533: executing depfiles commands
config.status:1533: executing libtool commands
configure:19152: === configuring in jimtcl (/home/openocd_axiblaster/openocd012-code-withaxi/jimtcl)
configure:19215: running /bin/bash ./configure.gnu --disable-option-checking '--prefix=/usr/local'  '--enable-axiBlaster' --cache-file=/dev/null --srcdir=.
configure:19152: === configuring in src/jtag/drivers/libjaylink (/home/openocd_axiblaster/openocd012-code-withaxi/src/jtag/drivers/libjaylink)
configure:19215: running /bin/bash ./configure.gnu --disable-option-checking '--prefix=/usr/local'  '--enable-axiBlaster' --cache-file=/dev/null --srcdir=.

## ---------------- ##
## Cache variables. ##
## ---------------- ##

ac_cv_build=armv7l-unknown-linux-gnueabihf
ac_cv_c_bigendian=no
ac_cv_c_compiler_gnu=yes
ac_cv_c_const=yes
ac_cv_env_CAPSTONE_CFLAGS_set=
ac_cv_env_CAPSTONE_CFLAGS_value=
ac_cv_env_CAPSTONE_LIBS_set=
ac_cv_env_CAPSTONE_LIBS_value=
ac_cv_env_CC_set=
ac_cv_env_CC_value=
ac_cv_env_CFLAGS_set=
ac_cv_env_CFLAGS_value=
ac_cv_env_CPPFLAGS_set=
ac_cv_env_CPPFLAGS_value=
ac_cv_env_CPP_set=
ac_cv_env_CPP_value=
ac_cv_env_HIDAPI_CFLAGS_set=
ac_cv_env_HIDAPI_CFLAGS_value=
ac_cv_env_HIDAPI_LIBS_set=
ac_cv_env_HIDAPI_LIBS_value=
ac_cv_env_LDFLAGS_set=
ac_cv_env_LDFLAGS_value=
ac_cv_env_LIBFTDI_CFLAGS_set=
ac_cv_env_LIBFTDI_CFLAGS_value=
ac_cv_env_LIBFTDI_LIBS_set=
ac_cv_env_LIBFTDI_LIBS_value=
ac_cv_env_LIBGPIOD_CFLAGS_set=
ac_cv_env_LIBGPIOD_CFLAGS_value=
ac_cv_env_LIBGPIOD_LIBS_set=
ac_cv_env_LIBGPIOD_LIBS_value=
ac_cv_env_LIBJAYLINK_CFLAGS_set=
ac_cv_env_LIBJAYLINK_CFLAGS_value=
ac_cv_env_LIBJAYLINK_LIBS_set=
ac_cv_env_LIBJAYLINK_LIBS_value=
ac_cv_env_LIBS_set=
ac_cv_env_LIBS_value=
ac_cv_env_LIBUSB1_CFLAGS_set=
ac_cv_env_LIBUSB1_CFLAGS_value=
ac_cv_env_LIBUSB1_LIBS_set=
ac_cv_env_LIBUSB1_LIBS_value=
ac_cv_env_PKG_CONFIG_LIBDIR_set=
ac_cv_env_PKG_CONFIG_LIBDIR_value=
ac_cv_env_PKG_CONFIG_PATH_set=
ac_cv_env_PKG_CONFIG_PATH_value=
ac_cv_env_PKG_CONFIG_set=
ac_cv_env_PKG_CONFIG_value=
ac_cv_env_build_alias_set=
ac_cv_env_build_alias_value=
ac_cv_env_host_alias_set=
ac_cv_env_host_alias_value=
ac_cv_env_target_alias_set=
ac_cv_env_target_alias_value=
ac_cv_func_gettimeofday=yes
ac_cv_func_realpath=yes
ac_cv_func_strndup=yes
ac_cv_func_strnlen=yes
ac_cv_func_usleep=yes
ac_cv_header_arpa_inet_h=yes
ac_cv_header_dlfcn_h=yes
ac_cv_header_elf_h=yes
ac_cv_header_fcntl_h=yes
ac_cv_header_inttypes_h=yes
ac_cv_header_malloc_h=yes
ac_cv_header_memory_h=yes
ac_cv_header_netdb_h=yes
ac_cv_header_netinet_in_h=yes
ac_cv_header_netinet_tcp_h=yes
ac_cv_header_poll_h=yes
ac_cv_header_stdbool_h=yes
ac_cv_header_stdc=yes
ac_cv_header_stdint_h=yes
ac_cv_header_stdlib_h=yes
ac_cv_header_string_h=yes
ac_cv_header_strings_h=yes
ac_cv_header_sys_ioctl_h=yes
ac_cv_header_sys_param_h=yes
ac_cv_header_sys_select_h=yes
ac_cv_header_sys_socket_h=yes
ac_cv_header_sys_stat_h=yes
ac_cv_header_sys_sysctl_h=yes
ac_cv_header_sys_time_h=yes
ac_cv_header_sys_types_h=yes
ac_cv_header_unistd_h=yes
ac_cv_host=armv7l-unknown-linux-gnueabihf
ac_cv_objext=o
ac_cv_path_EGREP='/bin/grep -E'
ac_cv_path_FGREP='/bin/grep -F'
ac_cv_path_GREP=/bin/grep
ac_cv_path_SED=/bin/sed
ac_cv_path_ac_pt_PKG_CONFIG=/usr/bin/pkg-config
ac_cv_path_install='/usr/bin/install -c'
ac_cv_path_mkdir=/bin/mkdir
ac_cv_prog_AWK=mawk
ac_cv_prog_CPP='gcc -std=gnu99 -E'
ac_cv_prog_ac_ct_AR=ar
ac_cv_prog_ac_ct_CC=gcc
ac_cv_prog_ac_ct_OBJDUMP=objdump
ac_cv_prog_ac_ct_RANLIB=ranlib
ac_cv_prog_ac_ct_STRIP=strip
ac_cv_prog_cc_c89=
ac_cv_prog_cc_c99=-std=gnu99
ac_cv_prog_cc_g=yes
ac_cv_prog_make_make_set=yes
ac_cv_search_dlopen=-ldl
ac_cv_search_ioperm='none required'
ac_cv_search_openpty=-lutil
ac_cv_type__Bool=yes
ac_cv_type_long_long_int=yes
ac_cv_type_unsigned_long_long_int=yes
am_cv_CC_dependencies_compiler_type=gcc3
am_cv_make_support_nested_variables=yes
am_cv_prog_cc_c_o=yes
lt_cv_ar_at_file=@
lt_cv_deplibs_check_method=pass_all
lt_cv_file_magic_cmd='$MAGIC_CMD'
lt_cv_file_magic_test_file=
lt_cv_ld_reload_flag=-r
lt_cv_nm_interface='BSD nm'
lt_cv_objdir=.libs
lt_cv_path_LD=/usr/bin/ld
lt_cv_path_NM='/usr/bin/nm -B'
lt_cv_path_mainfest_tool=no
lt_cv_prog_compiler_c_o=yes
lt_cv_prog_compiler_pic='-fPIC -DPIC'
lt_cv_prog_compiler_pic_works=yes
lt_cv_prog_compiler_rtti_exceptions=no
lt_cv_prog_compiler_static_works=yes
lt_cv_prog_gnu_ld=yes
lt_cv_sharedlib_from_linklib_cmd='printf %s\n'
lt_cv_shlibpath_overrides_runpath=no
lt_cv_sys_global_symbol_pipe='sed -n -e '\''s/^.*[	 ]\([ABCDGIRSTW][ABCDGIRSTW]*\)[	 ][	 ]*\([_A-Za-z][_A-Za-z0-9]*\)$/\1 \2 \2/p'\'' | sed '\''/ __gnu_lto/d'\'''
lt_cv_sys_global_symbol_to_c_name_address='sed -n -e '\''s/^: \([^ ]*\)[ ]*$/  {\"\1\", (void *) 0},/p'\'' -e '\''s/^[ABCDGIRSTW]* \([^ ]*\) \([^ ]*\)$/  {"\2", (void *) \&\2},/p'\'''
lt_cv_sys_global_symbol_to_c_name_address_lib_prefix='sed -n -e '\''s/^: \([^ ]*\)[ ]*$/  {\"\1\", (void *) 0},/p'\'' -e '\''s/^[ABCDGIRSTW]* \([^ ]*\) \(lib[^ ]*\)$/  {"\2", (void *) \&\2},/p'\'' -e '\''s/^[ABCDGIRSTW]* \([^ ]*\) \([^ ]*\)$/  {"lib\2", (void *) \&\2},/p'\'''
lt_cv_sys_global_symbol_to_cdecl='sed -n -e '\''s/^T .* \(.*\)$/extern int \1();/p'\'' -e '\''s/^[ABCDGIRSTW]* .* \(.*\)$/extern char \1;/p'\'''
lt_cv_sys_max_cmd_len=1572864
lt_cv_to_host_file_cmd=func_convert_file_noop
lt_cv_to_tool_file_cmd=func_convert_file_noop
pkg_cv_LIBFTDI_CFLAGS=
pkg_cv_LIBFTDI_LIBS='-lftdi '
pkg_cv_LIBUSB1_CFLAGS='-I/usr/include/libusb-1.0 '
pkg_cv_LIBUSB1_LIBS='-lusb-1.0 '

## ----------------- ##
## Output variables. ##
## ----------------- ##

ACLOCAL='${SHELL} /home/openocd_axiblaster/openocd012-code-withaxi/build-aux/missing aclocal-1.14'
AICE_FALSE=''
AICE_TRUE='#'
AM335XGPIO_FALSE=''
AM335XGPIO_TRUE='#'
AMDEPBACKSLASH='\'
AMDEP_FALSE='#'
AMDEP_TRUE=''
AMTAR='$${TAR-tar}'
AMTJTAGACCEL_FALSE=''
AMTJTAGACCEL_TRUE='#'
AM_BACKSLASH='\'
AM_DEFAULT_V='$(AM_DEFAULT_VERBOSITY)'
AM_DEFAULT_VERBOSITY='1'
AM_V='$(V)'
AR='ar'
ARMJTAGEW_FALSE='#'
ARMJTAGEW_TRUE=''
AT91RM9200_FALSE=''
AT91RM9200_TRUE='#'
AUTOCONF='${SHELL} /home/openocd_axiblaster/openocd012-code-withaxi/build-aux/missing autoconf'
AUTOHEADER='${SHELL} /home/openocd_axiblaster/openocd012-code-withaxi/build-aux/missing autoheader'
AUTOMAKE='${SHELL} /home/openocd_axiblaster/openocd012-code-withaxi/build-aux/missing automake-1.14'
AWK='mawk'
AXIBLASTER_FALSE='#'
AXIBLASTER_TRUE=''
BCM2835GPIO_FALSE=''
BCM2835GPIO_TRUE='#'
BITBANG_FALSE='#'
BITBANG_TRUE=''
BITQ_FALSE='#'
BITQ_TRUE=''
BUSPIRATE_FALSE='#'
BUSPIRATE_TRUE=''
CAPSTONE_CFLAGS=''
CAPSTONE_LIBS=''
CC='gcc -std=gnu99'
CCDEPMODE='depmode=gcc3'
CFLAGS='-g -O2'
CMSIS_DAP_HID_FALSE=''
CMSIS_DAP_HID_TRUE='#'
CMSIS_DAP_USB_FALSE='#'
CMSIS_DAP_USB_TRUE=''
CPP='gcc -std=gnu99 -E'
CPPFLAGS=''
CYGPATH_W='echo'
DEFS='-DHAVE_CONFIG_H'
DEPDIR='.deps'
DLLTOOL='false'
DSYMUTIL=''
DUMMY_FALSE=''
DUMMY_TRUE='#'
DUMPBIN=''
ECHO_C=''
ECHO_N='-n'
ECHO_T=''
EGREP='/bin/grep -E'
EP93XX_FALSE=''
EP93XX_TRUE='#'
ESP_USB_JTAG_FALSE='#'
ESP_USB_JTAG_TRUE=''
EXEEXT=''
EXTRA_DIST_NEWS='./NEWS-0.10.0 ./NEWS-0.11.0 ./NEWS-0.2.0 ./NEWS-0.3.0 ./NEWS-0.4.0 ./NEWS-0.5.0 ./NEWS-0.6.0 ./NEWS-0.7.0 ./NEWS-0.8.0 ./NEWS-0.9.0'
FGREP='/bin/grep -F'
FT232R_FALSE='#'
FT232R_TRUE=''
FTDI_FALSE='#'
FTDI_TRUE=''
GCC_WARNINGS='-Wall -Wstrict-prototypes -Wformat-security -Wshadow -Wextra -Wno-unused-parameter -Wbad-function-cast -Wcast-align -Wredundant-decls -Wpointer-arith -Wundef -Werror'
GIVEIO_FALSE=''
GIVEIO_TRUE='#'
GREP='/bin/grep'
GW16012_FALSE=''
GW16012_TRUE='#'
HAVE_CAPSTONE_FALSE=''
HAVE_CAPSTONE_TRUE='#'
HIDAPI_CFLAGS=''
HIDAPI_LIBS=''
HLADAPTER_FALSE='#'
HLADAPTER_ICDI_FALSE='#'
HLADAPTER_ICDI_TRUE=''
HLADAPTER_NULINK_FALSE=''
HLADAPTER_NULINK_TRUE='#'
HLADAPTER_STLINK_FALSE='#'
HLADAPTER_STLINK_TRUE=''
HLADAPTER_TRUE=''
HOST_CPPFLAGS=''
IMX_GPIO_FALSE=''
IMX_GPIO_TRUE='#'
INSTALL_DATA='${INSTALL} -m 644'
INSTALL_PROGRAM='${INSTALL}'
INSTALL_SCRIPT='${INSTALL}'
INSTALL_STRIP_PROGRAM='$(install_sh) -c -s'
INTERNAL_JIMTCL_FALSE='#'
INTERNAL_JIMTCL_TRUE=''
INTERNAL_LIBJAYLINK_FALSE='#'
INTERNAL_LIBJAYLINK_TRUE=''
IS_CYGWIN_FALSE=''
IS_CYGWIN_TRUE='#'
IS_DARWIN_FALSE=''
IS_DARWIN_TRUE='#'
IS_MINGW_FALSE=''
IS_MINGW_TRUE='#'
IS_WIN32_FALSE=''
IS_WIN32_TRUE='#'
JLINK_FALSE='#'
JLINK_TRUE=''
JTAG_DPI_FALSE=''
JTAG_DPI_TRUE='#'
JTAG_VPI_FALSE=''
JTAG_VPI_TRUE='#'
KITPROG_FALSE=''
KITPROG_TRUE='#'
LD='/usr/bin/ld'
LDFLAGS=''
LIBFTDI_CFLAGS=''
LIBFTDI_LIBS='-lftdi '
LIBGPIOD_CFLAGS=''
LIBGPIOD_LIBS=''
LIBJAYLINK_CFLAGS=''
LIBJAYLINK_LIBS=''
LIBOBJS=''
LIBS='-lutil -ldl '
LIBTOOL='$(SHELL) $(top_builddir)/libtool'
LIBTOOL_DEPS='build-aux/ltmain.sh'
LIBUSB1_CFLAGS='-isystem /usr/include/libusb-1.0'
LIBUSB1_LIBS='-lusb-1.0 '
LINUXGPIOD_FALSE=''
LINUXGPIOD_TRUE='#'
LIPO=''
LN_S='ln -s'
LTLIBOBJS=''
MAKEINFO='echo makeinfo missing; true'
MANIFEST_TOOL=':'
MKDIR_P='/bin/mkdir -p'
NM='/usr/bin/nm -B'
NMEDIT=''
OBJDUMP='objdump'
OBJEXT='o'
OPENDOUS_FALSE='#'
OPENDOUS_TRUE=''
OPENJTAG_FALSE='#'
OPENJTAG_TRUE=''
OSBDM_FALSE='#'
OSBDM_TRUE=''
OTOOL64=''
OTOOL=''
PACKAGE='openocd'
PACKAGE_BUGREPORT='OpenOCD Mailing List <openocd-devel@lists.sourceforge.net>'
PACKAGE_NAME='openocd'
PACKAGE_STRING='openocd 0.12.0-rc1'
PACKAGE_TARNAME='openocd'
PACKAGE_URL=''
PACKAGE_VERSION='0.12.0-rc1'
PARPORT_FALSE=''
PARPORT_TRUE='#'
PATH_SEPARATOR=':'
PKG_CONFIG='/usr/bin/pkg-config'
PKG_CONFIG_LIBDIR=''
PKG_CONFIG_PATH=''
PRESTO_FALSE='#'
PRESTO_TRUE=''
RANLIB='ranlib'
RELEASE_FALSE='#'
RELEASE_TRUE=''
REMOTE_BITBANG_FALSE=''
REMOTE_BITBANG_TRUE='#'
RLINK_FALSE='#'
RLINK_TRUE=''
RSHIM_FALSE=''
RSHIM_TRUE='#'
SED='/bin/sed'
SET_MAKE=''
SHELL='/bin/bash'
STRIP='strip'
SYSFSGPIO_FALSE=''
SYSFSGPIO_TRUE='#'
ULINK_FALSE='#'
ULINK_TRUE=''
USBPROG_FALSE='#'
USBPROG_TRUE=''
USB_BLASTER_2_FALSE='#'
USB_BLASTER_2_TRUE=''
USB_BLASTER_DRIVER_FALSE='#'
USB_BLASTER_DRIVER_TRUE=''
USB_BLASTER_FALSE='#'
USB_BLASTER_TRUE=''
USE_HIDAPI_FALSE=''
USE_HIDAPI_TRUE='#'
USE_LIBFTDI_FALSE='#'
USE_LIBFTDI_TRUE=''
USE_LIBGPIOD_FALSE=''
USE_LIBGPIOD_TRUE='#'
USE_LIBJAYLINK_FALSE=''
USE_LIBJAYLINK_TRUE='#'
USE_LIBUSB1_FALSE='#'
USE_LIBUSB1_TRUE=''
VDEBUG_FALSE=''
VDEBUG_TRUE='#'
VERSION='0.12.0-rc1'
VSLLINK_FALSE='#'
VSLLINK_TRUE=''
XDS110_FALSE='#'
XDS110_TRUE=''
XLNX_PCIE_XVC_FALSE=''
XLNX_PCIE_XVC_TRUE='#'
ac_ct_AR='ar'
ac_ct_CC='gcc'
ac_ct_DUMPBIN=''
am__EXEEXT_FALSE=''
am__EXEEXT_TRUE='#'
am__fastdepCC_FALSE='#'
am__fastdepCC_TRUE=''
am__include='include'
am__isrc=''
am__leading_dot='.'
am__nodep='_no'
am__quote=''
am__tar='$${TAR-tar} chof - "$$tardir"'
am__untar='$${TAR-tar} xf -'
bindir='${exec_prefix}/bin'
build='armv7l-unknown-linux-gnueabihf'
build_alias=''
build_cpu='armv7l'
build_os='linux-gnueabihf'
build_vendor='unknown'
datadir='${datarootdir}'
datarootdir='${prefix}/share'
docdir='${datarootdir}/doc/${PACKAGE_TARNAME}'
doxygen_as_html='yes'
doxygen_as_pdf='no'
dvidir='${docdir}'
exec_prefix='${prefix}'
host='armv7l-unknown-linux-gnueabihf'
host_alias=''
host_cpu='armv7l'
host_os='linux-gnueabihf'
host_vendor='unknown'
htmldir='${docdir}'
includedir='${prefix}/include'
infodir='${datarootdir}/info'
install_sh='${SHELL} /home/openocd_axiblaster/openocd012-code-withaxi/build-aux/install-sh'
libdir='${exec_prefix}/lib'
libexecdir='${exec_prefix}/libexec'
localedir='${datarootdir}/locale'
localstatedir='${prefix}/var'
mandir='${datarootdir}/man'
mkdir_p='$(MKDIR_P)'
oldincludedir='/usr/include'
pdfdir='${docdir}'
prefix='/usr/local'
program_transform_name='s,x,x,'
psdir='${docdir}'
sbindir='${exec_prefix}/sbin'
sharedstatedir='${prefix}/com'
subdirs=' jimtcl src/jtag/drivers/libjaylink'
sysconfdir='${prefix}/etc'
target_alias=''

## ----------- ##
## confdefs.h. ##
## ----------- ##

/* confdefs.h */
#define PACKAGE_NAME "openocd"
#define PACKAGE_TARNAME "openocd"
#define PACKAGE_VERSION "0.12.0-rc1"
#define PACKAGE_STRING "openocd 0.12.0-rc1"
#define PACKAGE_BUGREPORT "OpenOCD Mailing List <openocd-devel@lists.sourceforge.net>"
#define PACKAGE_URL ""
#define PACKAGE "openocd"
#define VERSION "0.12.0-rc1"
#define STDC_HEADERS 1
#define HAVE_SYS_TYPES_H 1
#define HAVE_SYS_STAT_H 1
#define HAVE_STDLIB_H 1
#define HAVE_STRING_H 1
#define HAVE_MEMORY_H 1
#define HAVE_STRINGS_H 1
#define HAVE_INTTYPES_H 1
#define HAVE_STDINT_H 1
#define HAVE_UNISTD_H 1
#define HAVE_DLFCN_H 1
#define LT_OBJDIR ".libs/"
#define HAVE_UNSIGNED_LONG_LONG_INT 1
#define HAVE_LONG_LONG_INT 1
#define HAVE_SYS_SOCKET_H 1
#define HAVE_ELF_H 1
#define HAVE_ELF64 1
#define HAVE_FCNTL_H 1
#define HAVE_MALLOC_H 1
#define HAVE_NETDB_H 1
#define HAVE_POLL_H 1
#define HAVE_STRINGS_H 1
#define HAVE_SYS_IOCTL_H 1
#define HAVE_SYS_PARAM_H 1
#define HAVE_SYS_SELECT_H 1
#define HAVE_SYS_STAT_H 1
#define HAVE_SYS_SYSCTL_H 1
#define HAVE_SYS_TIME_H 1
#define HAVE_SYS_TYPES_H 1
#define HAVE_UNISTD_H 1
#define HAVE_ARPA_INET_H 1
#define HAVE_NETINET_IN_H 1
#define HAVE_NETINET_TCP_H 1
#define HAVE__BOOL 1
#define HAVE_STDBOOL_H 1
#define HAVE_STRNDUP 1
#define HAVE_STRNLEN 1
#define HAVE_GETTIMEOFDAY 1
#define HAVE_USLEEP 1
#define HAVE_REALPATH 1
#define IS_CYGWIN 0
#define IS_MINGW 0
#define IS_WIN32 0
#define IS_DARWIN 0
#define BUILD_PARPORT 0
#define BUILD_RSHIM 0
#define BUILD_DUMMY 0
#define BUILD_EP93XX 0
#define BUILD_AT91RM9200 0
#define BUILD_BCM2835GPIO 0
#define BUILD_IMX_GPIO 0
#define BUILD_AM335XGPIO 0
#define PARPORT_USE_PPDEV 1
#define PARPORT_USE_GIVEIO 0
#define BUILD_JTAG_VPI 0
#define BUILD_VDEBUG 0
#define BUILD_JTAG_DPI 0
#define BUILD_AMTJTAGACCEL 0
#define BUILD_GW16012 0
#define BUILD_BUSPIRATE 1
#define BUILD_REMOTE_BITBANG 0
#define BUILD_SYSFSGPIO 0
#define BUILD_AXIBLASTER 1
#define BUILD_XLNX_PCIE_XVC 0
#define HAVE_LIBUSB1 1
#define HAVE_LIBUSB_GET_PORT_NUMBERS 1
#define HAVE_CAPSTONE 0
#define BUILD_FTDI 1
#define BUILD_HLADAPTER_STLINK 1
#define BUILD_HLADAPTER_ICDI 1
#define BUILD_ULINK 1
#define BUILD_USB_BLASTER_2 1
#define BUILD_FT232R 1
#define BUILD_VSLLINK 1
#define BUILD_XDS110 1
#define BUILD_CMSIS_DAP_USB 1
#define BUILD_OSBDM 1
#define BUILD_OPENDOUS 1
#define BUILD_ARMJTAGEW 1
#define BUILD_RLINK 1
#define BUILD_USBPROG 1
#define BUILD_ESP_USB_JTAG 1
#define BUILD_AICE 0
#define BUILD_CMSIS_DAP_HID 0
#define BUILD_HLADAPTER_NULINK 0
#define BUILD_KITPROG 0
#define BUILD_USB_BLASTER 1
#define BUILD_PRESTO 1
#define BUILD_OPENJTAG 1
#define BUILD_LINUXGPIOD 0
#define BUILD_JLINK 1
#define BUILD_HLADAPTER 1
#define _GNU_SOURCE 1

configure: exit 0
